Breakpoint 1, main () at pass_struct_args.c:14
14		d.name = 87;
=> 0x0000000001000550 <main+16>:	e5 4c b0 b0 00 57	mvhi	176(%r11),87
(gdb) info reg

r0             0x3fffde9ef40       4398011510592
r1             0x1000540           16778560
r2             0x1                 1
r3             0x3fffffff0a8       4398046507176
r4             0x3fffffff0b8       4398046507192
r5             0x1fea49c1b83ac     561457923851180
r6             0x10005f0           16778736
r7             0x3fffffff090       4398046507152
r8             0x1000410           16778256
r9             0x0                 0
r10            0x2aa00145970       2929169029488
r11            0x3ffffffedc0       4398046506432
r12            0x3fffdfa5f40       4398012587840
r13            0x2aa000a6b98       2929168378776
r14            0x3fffdd241a2       4398009958818
r15            0x3ffffffedc0       4398046506432

*****************************************************************************

(gdb) si
15		d.id = 227;
=> 0x0000000001000556 <main+22>:	e5 4c b0 b4 00 e3	mvhi	180(%r11),227
(gdb) info reg

r0             0x3fffde9ef40       4398011510592
r1             0x1000540           16778560
r2             0x1                 1
r3             0x3fffffff0a8       4398046507176
r4             0x3fffffff0b8       4398046507192
r5             0x1fea49c1b83ac     561457923851180
r6             0x10005f0           16778736
r7             0x3fffffff090       4398046507152
r8             0x1000410           16778256
r9             0x0                 0
r10            0x2aa00145970       2929169029488
r11            0x3ffffffedc0       4398046506432
r12            0x3fffdfa5f40       4398012587840
r13            0x2aa000a6b98       2929168378776
r14            0x3fffdd241a2       4398009958818
r15            0x3ffffffedc0       4398046506432

*****************************************************************************


(gdb) si
16		d.roll = 12;
=> 0x000000000100055c <main+28>:	e5 48 b0 b8 00 0c	mvghi	184(%r11),12
(gdb) info reg

r0             0x3fffde9ef40       4398011510592
r1             0x1000540           16778560
r2             0x1                 1
r3             0x3fffffff0a8       4398046507176
r4             0x3fffffff0b8       4398046507192
r5             0x1fea49c1b83ac     561457923851180
r6             0x10005f0           16778736
r7             0x3fffffff090       4398046507152
r8             0x1000410           16778256
r9             0x0                 0
r10            0x2aa00145970       2929169029488
r11            0x3ffffffedc0       4398046506432
r12            0x3fffdfa5f40       4398012587840
r13            0x2aa000a6b98       2929168378776
r14            0x3fffdd241a2       4398009958818
r15            0x3ffffffedc0       4398046506432

*****************************************************************************


(gdb) si
17		pass_struct_args(d);
=> 0x0000000001000562 <main+34>:	eb 23 b0 b0 00 04	lmg	%r2,%r3,176(%r11)
   0x0000000001000568 <main+40>:	eb 23 b0 a0 00 24	stmg	%r2,%r3,160(%r11)
   0x000000000100056e <main+46>:	ec 1b 00 a0 00 d9	aghik	%r1,%r11,160
   0x0000000001000574 <main+52>:	b9 04 00 21	lgr	%r2,%r1
   0x0000000001000578 <main+56>:	c0 e5 ff ff ff c0	brasl	%r14,0x10004f8 <pass_struct_args>
(gdb) info reg

r0             0x3fffde9ef40       4398011510592
r1             0x1000540           16778560
r2             0x1                 1
r3             0x3fffffff0a8       4398046507176
r4             0x3fffffff0b8       4398046507192
r5             0x1fea49c1b83ac     561457923851180
r6             0x10005f0           16778736
r7             0x3fffffff090       4398046507152
r8             0x1000410           16778256
r9             0x0                 0
r10            0x2aa00145970       2929169029488
r11            0x3ffffffedc0       4398046506432
r12            0x3fffdfa5f40       4398012587840
r13            0x2aa000a6b98       2929168378776
r14            0x3fffdd241a2       4398009958818
r15            0x3ffffffedc0       4398046506432

*****************************************************************************


(gdb) si
0x0000000001000568	17		pass_struct_args(d);
   0x0000000001000562 <main+34>:	eb 23 b0 b0 00 04	lmg	%r2,%r3,176(%r11)
=> 0x0000000001000568 <main+40>:	eb 23 b0 a0 00 24	stmg	%r2,%r3,160(%r11)
   0x000000000100056e <main+46>:	ec 1b 00 a0 00 d9	aghik	%r1,%r11,160
   0x0000000001000574 <main+52>:	b9 04 00 21	lgr	%r2,%r1
   0x0000000001000578 <main+56>:	c0 e5 ff ff ff c0	brasl	%r14,0x10004f8 <pass_struct_args>
(gdb) info reg

r0             0x3fffde9ef40       4398011510592
r1             0x1000540           16778560
r2             0x57000000e3        373662154979
r3             0xc                 12
r4             0x3fffffff0b8       4398046507192
r5             0x1fea49c1b83ac     561457923851180
r6             0x10005f0           16778736
r7             0x3fffffff090       4398046507152
r8             0x1000410           16778256
r9             0x0                 0
r10            0x2aa00145970       2929169029488
r11            0x3ffffffedc0       4398046506432
r12            0x3fffdfa5f40       4398012587840
r13            0x2aa000a6b98       2929168378776
r14            0x3fffdd241a2       4398009958818
r15            0x3ffffffedc0       4398046506432

*****************************************************************************************

(gdb) si
0x000000000100056e	17		pass_struct_args(d);
   0x0000000001000562 <main+34>:	eb 23 b0 b0 00 04	lmg	%r2,%r3,176(%r11)
   0x0000000001000568 <main+40>:	eb 23 b0 a0 00 24	stmg	%r2,%r3,160(%r11)
=> 0x000000000100056e <main+46>:	ec 1b 00 a0 00 d9	aghik	%r1,%r11,160
   0x0000000001000574 <main+52>:	b9 04 00 21	lgr	%r2,%r1
   0x0000000001000578 <main+56>:	c0 e5 ff ff ff c0	brasl	%r14,0x10004f8 <pass_struct_args>
(gdb) info reg

r0             0x3fffde9ef40       4398011510592
r1             0x1000540           16778560
r2             0x57000000e3        373662154979
r3             0xc                 12
r4             0x3fffffff0b8       4398046507192
r5             0x1fea49c1b83ac     561457923851180
r6             0x10005f0           16778736
r7             0x3fffffff090       4398046507152
r8             0x1000410           16778256
r9             0x0                 0
r10            0x2aa00145970       2929169029488
r11            0x3ffffffedc0       4398046506432
r12            0x3fffdfa5f40       4398012587840
r13            0x2aa000a6b98       2929168378776
r14            0x3fffdd241a2       4398009958818
r15            0x3ffffffedc0       4398046506432

*****************************************************************************************

(gdb) si
0x0000000001000574	17		pass_struct_args(d);
   0x0000000001000562 <main+34>:	eb 23 b0 b0 00 04	lmg	%r2,%r3,176(%r11)
   0x0000000001000568 <main+40>:	eb 23 b0 a0 00 24	stmg	%r2,%r3,160(%r11)
   0x000000000100056e <main+46>:	ec 1b 00 a0 00 d9	aghik	%r1,%r11,160
=> 0x0000000001000574 <main+52>:	b9 04 00 21	lgr	%r2,%r1
   0x0000000001000578 <main+56>:	c0 e5 ff ff ff c0	brasl	%r14,0x10004f8 <pass_struct_args>
(gdb) info reg

r0             0x3fffde9ef40       4398011510592
r1             0x3ffffffee60       4398046506592
r2             0x57000000e3        373662154979
r3             0xc                 12
r4             0x3fffffff0b8       4398046507192
r5             0x1fea49c1b83ac     561457923851180
r6             0x10005f0           16778736
r7             0x3fffffff090       4398046507152
r8             0x1000410           16778256
r9             0x0                 0
r10            0x2aa00145970       2929169029488
r11            0x3ffffffedc0       4398046506432
r12            0x3fffdfa5f40       4398012587840
r13            0x2aa000a6b98       2929168378776
r14            0x3fffdd241a2       4398009958818
r15            0x3ffffffedc0       4398046506432

*****************************************************************************************

(gdb) si
0x0000000001000578	17		pass_struct_args(d);
   0x0000000001000562 <main+34>:	eb 23 b0 b0 00 04	lmg	%r2,%r3,176(%r11)
   0x0000000001000568 <main+40>:	eb 23 b0 a0 00 24	stmg	%r2,%r3,160(%r11)
   0x000000000100056e <main+46>:	ec 1b 00 a0 00 d9	aghik	%r1,%r11,160
   0x0000000001000574 <main+52>:	b9 04 00 21	lgr	%r2,%r1
=> 0x0000000001000578 <main+56>:	c0 e5 ff ff ff c0	brasl	%r14,0x10004f8 <pass_struct_args>
(gdb) info reg

r0             0x3fffde9ef40       4398011510592
r1             0x3ffffffee60       4398046506592
r2             0x3ffffffee60       4398046506592
r3             0xc                 12
r4             0x3fffffff0b8       4398046507192
r5             0x1fea49c1b83ac     561457923851180
r6             0x10005f0           16778736
r7             0x3fffffff090       4398046507152
r8             0x1000410           16778256
r9             0x0                 0
r10            0x2aa00145970       2929169029488
r11            0x3ffffffedc0       4398046506432
r12            0x3fffdfa5f40       4398012587840
r13            0x2aa000a6b98       2929168378776
r14            0x3fffdd241a2       4398009958818
r15            0x3ffffffedc0       4398046506432

*****************************************************************************************

(gdb) si
pass_struct_args (d=...) at pass_struct_args.c:7
7	void pass_struct_args(struct dog d){
=> 0x00000000010004f8 <pass_struct_args+0>:	b3 c1 00 4b	ldgr	%f4,%r11
   0x00000000010004fc <pass_struct_args+4>:	b3 c1 00 2c	ldgr	%f2,%r12
   0x0000000001000500 <pass_struct_args+8>:	b3 c1 00 0f	ldgr	%f0,%r15
   0x0000000001000504 <pass_struct_args+12>:	e3 f0 ff 50 ff 71	lay	%r15,-176(%r15)
   0x000000000100050a <pass_struct_args+18>:	b9 04 00 bf	lgr	%r11,%r15
   0x000000000100050e <pass_struct_args+22>:	b9 04 00 c2	lgr	%r12,%r2
   0x0000000001000512 <pass_struct_args+26>:	eb 23 c0 00 00 04	lmg	%r2,%r3,0(%r12)
   0x0000000001000518 <pass_struct_args+32>:	eb 23 b0 a0 00 24	stmg	%r2,%r3,160(%r11)
(gdb) info reg

r0             0x3fffde9ef40       4398011510592
r1             0x3ffffffee60       4398046506592
r2             0x3ffffffee60       4398046506592
r3             0xc                 12
r4             0x3fffffff0b8       4398046507192
r5             0x1fea49c1b83ac     561457923851180
r6             0x10005f0           16778736
r7             0x3fffffff090       4398046507152
r8             0x1000410           16778256
r9             0x0                 0
r10            0x2aa00145970       2929169029488
r11            0x3ffffffedc0       4398046506432
r12            0x3fffdfa5f40       4398012587840
r13            0x2aa000a6b98       2929168378776
r14            0x100057e           16778622
r15            0x3ffffffedc0       4398046506432

**********************************************************************************

(gdb) si
0x00000000010004fc	7	void pass_struct_args(struct dog d){
   0x00000000010004f8 <pass_struct_args+0>:	b3 c1 00 4b	ldgr	%f4,%r11
=> 0x00000000010004fc <pass_struct_args+4>:	b3 c1 00 2c	ldgr	%f2,%r12
   0x0000000001000500 <pass_struct_args+8>:	b3 c1 00 0f	ldgr	%f0,%r15
   0x0000000001000504 <pass_struct_args+12>:	e3 f0 ff 50 ff 71	lay	%r15,-176(%r15)
   0x000000000100050a <pass_struct_args+18>:	b9 04 00 bf	lgr	%r11,%r15
   0x000000000100050e <pass_struct_args+22>:	b9 04 00 c2	lgr	%r12,%r2
   0x0000000001000512 <pass_struct_args+26>:	eb 23 c0 00 00 04	lmg	%r2,%r3,0(%r12)
   0x0000000001000518 <pass_struct_args+32>:	eb 23 b0 a0 00 24	stmg	%r2,%r3,160(%r11)
(gdb) info reg

r0             0x3fffde9ef40       4398011510592
r1             0x3ffffffee60       4398046506592
r2             0x3ffffffee60       4398046506592
r3             0xc                 12
r4             0x3fffffff0b8       4398046507192
r5             0x1fea49c1b83ac     561457923851180
r6             0x10005f0           16778736
r7             0x3fffffff090       4398046507152
r8             0x1000410           16778256
r9             0x0                 0
r10            0x2aa00145970       2929169029488
r11            0x3ffffffedc0       4398046506432
r12            0x3fffdfa5f40       4398012587840
r13            0x2aa000a6b98       2929168378776
r14            0x100057e           16778622
r15            0x3ffffffedc0       4398046506432

*****************************************************************************************

(gdb) si
0x0000000001000500	7	void pass_struct_args(struct dog d){
   0x00000000010004f8 <pass_struct_args+0>:	b3 c1 00 4b	ldgr	%f4,%r11
   0x00000000010004fc <pass_struct_args+4>:	b3 c1 00 2c	ldgr	%f2,%r12
=> 0x0000000001000500 <pass_struct_args+8>:	b3 c1 00 0f	ldgr	%f0,%r15
   0x0000000001000504 <pass_struct_args+12>:	e3 f0 ff 50 ff 71	lay	%r15,-176(%r15)
   0x000000000100050a <pass_struct_args+18>:	b9 04 00 bf	lgr	%r11,%r15
   0x000000000100050e <pass_struct_args+22>:	b9 04 00 c2	lgr	%r12,%r2
   0x0000000001000512 <pass_struct_args+26>:	eb 23 c0 00 00 04	lmg	%r2,%r3,0(%r12)
   0x0000000001000518 <pass_struct_args+32>:	eb 23 b0 a0 00 24	stmg	%r2,%r3,160(%r11)
(gdb) info reg

r0             0x3fffde9ef40       4398011510592
r1             0x3ffffffee60       4398046506592
r2             0x3ffffffee60       4398046506592
r3             0xc                 12
r4             0x3fffffff0b8       4398046507192
r5             0x1fea49c1b83ac     561457923851180
r6             0x10005f0           16778736
r7             0x3fffffff090       4398046507152
r8             0x1000410           16778256
r9             0x0                 0
r10            0x2aa00145970       2929169029488
r11            0x3ffffffedc0       4398046506432
r12            0x3fffdfa5f40       4398012587840
r13            0x2aa000a6b98       2929168378776
r14            0x100057e           16778622
r15            0x3ffffffedc0       4398046506432

*****************************************************************************************

(gdb) si
0x0000000001000504	7	void pass_struct_args(struct dog d){
   0x00000000010004f8 <pass_struct_args+0>:	b3 c1 00 4b	ldgr	%f4,%r11
   0x00000000010004fc <pass_struct_args+4>:	b3 c1 00 2c	ldgr	%f2,%r12
   0x0000000001000500 <pass_struct_args+8>:	b3 c1 00 0f	ldgr	%f0,%r15
=> 0x0000000001000504 <pass_struct_args+12>:	e3 f0 ff 50 ff 71	lay	%r15,-176(%r15)
   0x000000000100050a <pass_struct_args+18>:	b9 04 00 bf	lgr	%r11,%r15
   0x000000000100050e <pass_struct_args+22>:	b9 04 00 c2	lgr	%r12,%r2
   0x0000000001000512 <pass_struct_args+26>:	eb 23 c0 00 00 04	lmg	%r2,%r3,0(%r12)
   0x0000000001000518 <pass_struct_args+32>:	eb 23 b0 a0 00 24	stmg	%r2,%r3,160(%r11)
(gdb) info reg

r0             0x3fffde9ef40       4398011510592
r1             0x3ffffffee60       4398046506592
r2             0x3ffffffee60       4398046506592
r3             0xc                 12
r4             0x3fffffff0b8       4398046507192
r5             0x1fea49c1b83ac     561457923851180
r6             0x10005f0           16778736
r7             0x3fffffff090       4398046507152
r8             0x1000410           16778256
r9             0x0                 0
r10            0x2aa00145970       2929169029488
r11            0x3ffffffedc0       4398046506432
r12            0x3fffdfa5f40       4398012587840
r13            0x2aa000a6b98       2929168378776
r14            0x100057e           16778622
r15            0x3ffffffedc0       4398046506432

*****************************************************************************************

(gdb) si
0x000000000100050a	7	void pass_struct_args(struct dog d){
   0x00000000010004f8 <pass_struct_args+0>:	b3 c1 00 4b	ldgr	%f4,%r11
   0x00000000010004fc <pass_struct_args+4>:	b3 c1 00 2c	ldgr	%f2,%r12
   0x0000000001000500 <pass_struct_args+8>:	b3 c1 00 0f	ldgr	%f0,%r15
   0x0000000001000504 <pass_struct_args+12>:	e3 f0 ff 50 ff 71	lay	%r15,-176(%r15)
=> 0x000000000100050a <pass_struct_args+18>:	b9 04 00 bf	lgr	%r11,%r15
   0x000000000100050e <pass_struct_args+22>:	b9 04 00 c2	lgr	%r12,%r2
   0x0000000001000512 <pass_struct_args+26>:	eb 23 c0 00 00 04	lmg	%r2,%r3,0(%r12)
   0x0000000001000518 <pass_struct_args+32>:	eb 23 b0 a0 00 24	stmg	%r2,%r3,160(%r11)
(gdb) info reg

r0             0x3fffde9ef40       4398011510592
r1             0x3ffffffee60       4398046506592
r2             0x3ffffffee60       4398046506592
r3             0xc                 12
r4             0x3fffffff0b8       4398046507192
r5             0x1fea49c1b83ac     561457923851180
r6             0x10005f0           16778736
r7             0x3fffffff090       4398046507152
r8             0x1000410           16778256
r9             0x0                 0
r10            0x2aa00145970       2929169029488
r11            0x3ffffffedc0       4398046506432
r12            0x3fffdfa5f40       4398012587840
r13            0x2aa000a6b98       2929168378776
r14            0x100057e           16778622
r15            0x3ffffffed10       4398046506256

*****************************************************************************************

(gdb) si
0x000000000100050e	7	void pass_struct_args(struct dog d){
   0x00000000010004f8 <pass_struct_args+0>:	b3 c1 00 4b	ldgr	%f4,%r11
   0x00000000010004fc <pass_struct_args+4>:	b3 c1 00 2c	ldgr	%f2,%r12
   0x0000000001000500 <pass_struct_args+8>:	b3 c1 00 0f	ldgr	%f0,%r15
   0x0000000001000504 <pass_struct_args+12>:	e3 f0 ff 50 ff 71	lay	%r15,-176(%r15)
   0x000000000100050a <pass_struct_args+18>:	b9 04 00 bf	lgr	%r11,%r15
=> 0x000000000100050e <pass_struct_args+22>:	b9 04 00 c2	lgr	%r12,%r2
   0x0000000001000512 <pass_struct_args+26>:	eb 23 c0 00 00 04	lmg	%r2,%r3,0(%r12)
   0x0000000001000518 <pass_struct_args+32>:	eb 23 b0 a0 00 24	stmg	%r2,%r3,160(%r11)
(gdb) info reg

r0             0x3fffde9ef40       4398011510592
r1             0x3ffffffee60       4398046506592
r2             0x3ffffffee60       4398046506592
r3             0xc                 12
r4             0x3fffffff0b8       4398046507192
r5             0x1fea49c1b83ac     561457923851180
r6             0x10005f0           16778736
r7             0x3fffffff090       4398046507152
r8             0x1000410           16778256
r9             0x0                 0
r10            0x2aa00145970       2929169029488
r11            0x3ffffffed10       4398046506256
r12            0x3fffdfa5f40       4398012587840
r13            0x2aa000a6b98       2929168378776
r14            0x100057e           16778622
r15            0x3ffffffed10       4398046506256

*****************************************************************************************

(gdb) si
0x0000000001000512	7	void pass_struct_args(struct dog d){
   0x00000000010004f8 <pass_struct_args+0>:	b3 c1 00 4b	ldgr	%f4,%r11
   0x00000000010004fc <pass_struct_args+4>:	b3 c1 00 2c	ldgr	%f2,%r12
   0x0000000001000500 <pass_struct_args+8>:	b3 c1 00 0f	ldgr	%f0,%r15
   0x0000000001000504 <pass_struct_args+12>:	e3 f0 ff 50 ff 71	lay	%r15,-176(%r15)
   0x000000000100050a <pass_struct_args+18>:	b9 04 00 bf	lgr	%r11,%r15
   0x000000000100050e <pass_struct_args+22>:	b9 04 00 c2	lgr	%r12,%r2
=> 0x0000000001000512 <pass_struct_args+26>:	eb 23 c0 00 00 04	lmg	%r2,%r3,0(%r12)
   0x0000000001000518 <pass_struct_args+32>:	eb 23 b0 a0 00 24	stmg	%r2,%r3,160(%r11)
(gdb) info reg

r0             0x3fffde9ef40       4398011510592
r1             0x3ffffffee60       4398046506592
r2             0x3ffffffee60       4398046506592
r3             0xc                 12
r4             0x3fffffff0b8       4398046507192
r5             0x1fea49c1b83ac     561457923851180
r6             0x10005f0           16778736
r7             0x3fffffff090       4398046507152
r8             0x1000410           16778256
r9             0x0                 0
r10            0x2aa00145970       2929169029488
r11            0x3ffffffed10       4398046506256
r12            0x3ffffffee60       4398046506592
r13            0x2aa000a6b98       2929168378776
r14            0x100057e           16778622
r15            0x3ffffffed10       4398046506256

*****************************************************************************************

(gdb) si
0x0000000001000518	7	void pass_struct_args(struct dog d){
   0x00000000010004f8 <pass_struct_args+0>:	b3 c1 00 4b	ldgr	%f4,%r11
   0x00000000010004fc <pass_struct_args+4>:	b3 c1 00 2c	ldgr	%f2,%r12
   0x0000000001000500 <pass_struct_args+8>:	b3 c1 00 0f	ldgr	%f0,%r15
   0x0000000001000504 <pass_struct_args+12>:	e3 f0 ff 50 ff 71	lay	%r15,-176(%r15)
   0x000000000100050a <pass_struct_args+18>:	b9 04 00 bf	lgr	%r11,%r15
   0x000000000100050e <pass_struct_args+22>:	b9 04 00 c2	lgr	%r12,%r2
   0x0000000001000512 <pass_struct_args+26>:	eb 23 c0 00 00 04	lmg	%r2,%r3,0(%r12)
=> 0x0000000001000518 <pass_struct_args+32>:	eb 23 b0 a0 00 24	stmg	%r2,%r3,160(%r11)
(gdb) info reg

r0             0x3fffde9ef40       4398011510592
r1             0x3ffffffee60       4398046506592
r2             0x57000000e3        373662154979
r3             0xc                 12
r4             0x3fffffff0b8       4398046507192
r5             0x1fea49c1b83ac     561457923851180
r6             0x10005f0           16778736
r7             0x3fffffff090       4398046507152
r8             0x1000410           16778256
r9             0x0                 0
r10            0x2aa00145970       2929169029488
r11            0x3ffffffed10       4398046506256
r12            0x3ffffffee60       4398046506592
r13            0x2aa000a6b98       2929168378776
r14            0x100057e           16778622
r15            0x3ffffffed10       4398046506256

*****************************************************************************************

(gdb) si
8		d.id = d.name + 50;
=> 0x000000000100051e <pass_struct_args+38>:	58 10 b0 a0	l	%r1,160(%r11)
(gdb) info reg

r0             0x3fffde9ef40       4398011510592
r1             0x3ffffffee60       4398046506592
r2             0x57000000e3        373662154979
r3             0xc                 12
r4             0x3fffffff0b8       4398046507192
r5             0x1fea49c1b83ac     561457923851180
r6             0x10005f0           16778736
r7             0x3fffffff090       4398046507152
r8             0x1000410           16778256
r9             0x0                 0
r10            0x2aa00145970       2929169029488
r11            0x3ffffffed10       4398046506256
r12            0x3ffffffee60       4398046506592
r13            0x2aa000a6b98       2929168378776
r14            0x100057e           16778622
r15            0x3ffffffed10       4398046506256

*****************************************************************************************

(gdb) si
8		d.id = d.name + 50;
=> 0x0000000001000522 <pass_struct_args+42>:	a7 1a 00 32	ahi	%r1,50
(gdb) info reg

r0             0x3fffde9ef40       4398011510592
r1             0x3ff00000057       4393751543895
r2             0x57000000e3        373662154979
r3             0xc                 12
r4             0x3fffffff0b8       4398046507192
r5             0x1fea49c1b83ac     561457923851180
r6             0x10005f0           16778736
r7             0x3fffffff090       4398046507152
r8             0x1000410           16778256
r9             0x0                 0
r10            0x2aa00145970       2929169029488
r11            0x3ffffffed10       4398046506256
r12            0x3ffffffee60       4398046506592
r13            0x2aa000a6b98       2929168378776
r14            0x100057e           16778622
r15            0x3ffffffed10       4398046506256

*****************************************************************************************

(gdb) si
8		d.id = d.name + 50;
=> 0x0000000001000526 <pass_struct_args+46>:	50 10 b0 a4	st	%r1,164(%r11)
(gdb) info reg

r0             0x3fffde9ef40       4398011510592
r1             0x3ff00000089       4393751543945
r2             0x57000000e3        373662154979
r3             0xc                 12
r4             0x3fffffff0b8       4398046507192
r5             0x1fea49c1b83ac     561457923851180
r6             0x10005f0           16778736
r7             0x3fffffff090       4398046507152
r8             0x1000410           16778256
r9             0x0                 0
r10            0x2aa00145970       2929169029488
r11            0x3ffffffed10       4398046506256
r12            0x3ffffffee60       4398046506592
r13            0x2aa000a6b98       2929168378776
r14            0x100057e           16778622
r15            0x3ffffffed10       4398046506256

*****************************************************************************************

(gdb) si
9		d.name = 15;
=> 0x000000000100052a <pass_struct_args+50>:	e5 4c b0 a0 00 0f	mvhi	160(%r11),15
(gdb) info reg

r0             0x3fffde9ef40       4398011510592
r1             0x3ff00000089       4393751543945
r2             0x57000000e3        373662154979
r3             0xc                 12
r4             0x3fffffff0b8       4398046507192
r5             0x1fea49c1b83ac     561457923851180
r6             0x10005f0           16778736
r7             0x3fffffff090       4398046507152
r8             0x1000410           16778256
r9             0x0                 0
r10            0x2aa00145970       2929169029488
r11            0x3ffffffed10       4398046506256
r12            0x3ffffffee60       4398046506592
r13            0x2aa000a6b98       2929168378776
r14            0x100057e           16778622
r15            0x3ffffffed10       4398046506256

*****************************************************************************************

(gdb) si
10	}
=> 0x0000000001000530 <pass_struct_args+56>:	07 00	nopr
   0x0000000001000532 <pass_struct_args+58>:	b3 cd 00 b4	lgdr	%r11,%f4
   0x0000000001000536 <pass_struct_args+62>:	b3 cd 00 c2	lgdr	%r12,%f2
   0x000000000100053a <pass_struct_args+66>:	b3 cd 00 f0	lgdr	%r15,%f0
   0x000000000100053e <pass_struct_args+70>:	07 fe	br	%r14
(gdb) info reg

r0             0x3fffde9ef40       4398011510592
r1             0x3ff00000089       4393751543945
r2             0x57000000e3        373662154979
r3             0xc                 12
r4             0x3fffffff0b8       4398046507192
r5             0x1fea49c1b83ac     561457923851180
r6             0x10005f0           16778736
r7             0x3fffffff090       4398046507152
r8             0x1000410           16778256
r9             0x0                 0
r10            0x2aa00145970       2929169029488
r11            0x3ffffffed10       4398046506256
r12            0x3ffffffee60       4398046506592
r13            0x2aa000a6b98       2929168378776
r14            0x100057e           16778622
r15            0x3ffffffed10       4398046506256

*****************************************************************************************

(gdb) si
0x0000000001000532	10	}
   0x0000000001000530 <pass_struct_args+56>:	07 00	nopr
=> 0x0000000001000532 <pass_struct_args+58>:	b3 cd 00 b4	lgdr	%r11,%f4
   0x0000000001000536 <pass_struct_args+62>:	b3 cd 00 c2	lgdr	%r12,%f2
   0x000000000100053a <pass_struct_args+66>:	b3 cd 00 f0	lgdr	%r15,%f0
   0x000000000100053e <pass_struct_args+70>:	07 fe	br	%r14
(gdb) info reg

r0             0x3fffde9ef40       4398011510592
r1             0x3ff00000089       4393751543945
r2             0x57000000e3        373662154979
r3             0xc                 12
r4             0x3fffffff0b8       4398046507192
r5             0x1fea49c1b83ac     561457923851180
r6             0x10005f0           16778736
r7             0x3fffffff090       4398046507152
r8             0x1000410           16778256
r9             0x0                 0
r10            0x2aa00145970       2929169029488
r11            0x3ffffffed10       4398046506256
r12            0x3ffffffee60       4398046506592
r13            0x2aa000a6b98       2929168378776
r14            0x100057e           16778622
r15            0x3ffffffed10       4398046506256

*****************************************************************************************

(gdb) si
0x0000000001000536 in pass_struct_args (d=...) at pass_struct_args.c:10
10	}
   0x0000000001000530 <pass_struct_args+56>:	07 00	nopr
   0x0000000001000532 <pass_struct_args+58>:	b3 cd 00 b4	lgdr	%r11,%f4
=> 0x0000000001000536 <pass_struct_args+62>:	b3 cd 00 c2	lgdr	%r12,%f2
   0x000000000100053a <pass_struct_args+66>:	b3 cd 00 f0	lgdr	%r15,%f0
   0x000000000100053e <pass_struct_args+70>:	07 fe	br	%r14
(gdb) info reg

r0             0x3fffde9ef40       4398011510592
r1             0x3ff00000089       4393751543945
r2             0x57000000e3        373662154979
r3             0xc                 12
r4             0x3fffffff0b8       4398046507192
r5             0x1fea49c1b83ac     561457923851180
r6             0x10005f0           16778736
r7             0x3fffffff090       4398046507152
r8             0x1000410           16778256
r9             0x0                 0
r10            0x2aa00145970       2929169029488
r11            0x3ffffffedc0       4398046506432
r12            0x3ffffffee60       4398046506592
r13            0x2aa000a6b98       2929168378776
r14            0x100057e           16778622
r15            0x3ffffffed10       4398046506256

*****************************************************************************************

(gdb) si
0x000000000100053a	10	}
   0x0000000001000530 <pass_struct_args+56>:	07 00	nopr
   0x0000000001000532 <pass_struct_args+58>:	b3 cd 00 b4	lgdr	%r11,%f4
   0x0000000001000536 <pass_struct_args+62>:	b3 cd 00 c2	lgdr	%r12,%f2
=> 0x000000000100053a <pass_struct_args+66>:	b3 cd 00 f0	lgdr	%r15,%f0
   0x000000000100053e <pass_struct_args+70>:	07 fe	br	%r14
(gdb) info reg

r0             0x3fffde9ef40       4398011510592
r1             0x3ff00000089       4393751543945
r2             0x57000000e3        373662154979
r3             0xc                 12
r4             0x3fffffff0b8       4398046507192
r5             0x1fea49c1b83ac     561457923851180
r6             0x10005f0           16778736
r7             0x3fffffff090       4398046507152
r8             0x1000410           16778256
r9             0x0                 0
r10            0x2aa00145970       2929169029488
r11            0x3ffffffedc0       4398046506432
r12            0x3fffdfa5f40       4398012587840
r13            0x2aa000a6b98       2929168378776
r14            0x100057e           16778622
r15            0x3ffffffed10       4398046506256

*****************************************************************************************

(gdb) si
0x000000000100053e in pass_struct_args (d=...) at pass_struct_args.c:10
10	}
   0x0000000001000530 <pass_struct_args+56>:	07 00	nopr
   0x0000000001000532 <pass_struct_args+58>:	b3 cd 00 b4	lgdr	%r11,%f4
   0x0000000001000536 <pass_struct_args+62>:	b3 cd 00 c2	lgdr	%r12,%f2
   0x000000000100053a <pass_struct_args+66>:	b3 cd 00 f0	lgdr	%r15,%f0
=> 0x000000000100053e <pass_struct_args+70>:	07 fe	br	%r14
(gdb) info reg

r0             0x3fffde9ef40       4398011510592
r1             0x3ff00000089       4393751543945
r2             0x57000000e3        373662154979
r3             0xc                 12
r4             0x3fffffff0b8       4398046507192
r5             0x1fea49c1b83ac     561457923851180
r6             0x10005f0           16778736
r7             0x3fffffff090       4398046507152
r8             0x1000410           16778256
r9             0x0                 0
r10            0x2aa00145970       2929169029488
r11            0x3ffffffedc0       4398046506432
r12            0x3fffdfa5f40       4398012587840
r13            0x2aa000a6b98       2929168378776
r14            0x100057e           16778622
r15            0x3ffffffedc0       4398046506432

*****************************************************************************************

(gdb) si
main () at pass_struct_args.c:18
18	}
=> 0x000000000100057e <main+62>:	07 00	nopr
   0x0000000001000580 <main+64>:	eb bf b1 18 00 04	lmg	%r11,%r15,280(%r11)
   0x0000000001000586 <main+70>:	07 fe	br	%r14
(gdb) info reg

r0             0x3fffde9ef40       4398011510592
r1             0x3ff00000089       4393751543945
r2             0x57000000e3        373662154979
r3             0xc                 12
r4             0x3fffffff0b8       4398046507192
r5             0x1fea49c1b83ac     561457923851180
r6             0x10005f0           16778736
r7             0x3fffffff090       4398046507152
r8             0x1000410           16778256
r9             0x0                 0
r10            0x2aa00145970       2929169029488
r11            0x3ffffffedc0       4398046506432
r12            0x3fffdfa5f40       4398012587840
r13            0x2aa000a6b98       2929168378776
r14            0x100057e           16778622
r15            0x3ffffffedc0       4398046506432

********************************************************************************

(gdb) si
0x0000000001000580	18	}
   0x000000000100057e <main+62>:	07 00	nopr
=> 0x0000000001000580 <main+64>:	eb bf b1 18 00 04	lmg	%r11,%r15,280(%r11)
   0x0000000001000586 <main+70>:	07 fe	br	%r14
(gdb) info reg

r0             0x3fffde9ef40       4398011510592
r1             0x3ff00000089       4393751543945
r2             0x57000000e3        373662154979
r3             0xc                 12
r4             0x3fffffff0b8       4398046507192
r5             0x1fea49c1b83ac     561457923851180
r6             0x10005f0           16778736
r7             0x3fffffff090       4398046507152
r8             0x1000410           16778256
r9             0x0                 0
r10            0x2aa00145970       2929169029488
r11            0x3ffffffedc0       4398046506432
r12            0x3fffdfa5f40       4398012587840
r13            0x2aa000a6b98       2929168378776
r14            0x100057e           16778622
r15            0x3ffffffedc0       4398046506432

*****************************************************************************************

(gdb) si
0x0000000001000586	18	}
   0x000000000100057e <main+62>:	07 00	nopr
   0x0000000001000580 <main+64>:	eb bf b1 18 00 04	lmg	%r11,%r15,280(%r11)
=> 0x0000000001000586 <main+70>:	07 fe	br	%r14
(gdb) info reg

r0             0x3fffde9ef40       4398011510592
r1             0x3ff00000089       4393751543945
r2             0x57000000e3        373662154979
r3             0xc                 12
r4             0x3fffffff0b8       4398046507192
r5             0x1fea49c1b83ac     561457923851180
r6             0x10005f0           16778736
r7             0x3fffffff090       4398046507152
r8             0x1000410           16778256
r9             0x0                 0
r10            0x2aa00145970       2929169029488
r11            0x3fffdffa720       4398012933920
r12            0x3fffdfa5f40       4398012587840
r13            0x2aa000a6b98       2929168378776
r14            0x3fffdd241a2       4398009958818
r15            0x3ffffffee80       4398046506624

*****************************************************************************************

(gdb) si
0x000003fffdd241a2 in __libc_start_main () from /lib64/libc.so.6
=> 0x000003fffdd241a2 <__libc_start_main+266>:	b9 14 00 22	lgfr	%r2,%r2
(gdb) quit
A debugging session is active.

	Inferior 1 [process 60774] will be killed.

Quit anyway? (y or n) y
